Vivado Simulator v2024.2.0
Copyright 1986-2022 Xilinx, Inc. All Rights Reserved.
Copyright 2022-2024 Advanced Micro Devices, Inc. All Rights Reserved.
Running: /home/mihir/xilinx/Vivado/2024.2/bin/unwrapped/lnx64.o/xelab --incr --debug typical --relax --mt 8 --maxdelay -L xil_defaultlib -L simprims_ver -L secureip --snapshot thread_test_time_synth -transport_int_delays -pulse_r 0 -pulse_int_r 0 -pulse_e 0 -pulse_int_e 0 xil_defaultlib.thread_test xil_defaultlib.glbl -log elaborate.log 
Using 8 slave threads.
Starting static elaboration
Pass Through NonSizing Optimizer
Completed static elaboration
Starting simulation data flow analysis
Completed simulation data flow analysis
INFO: [XSIM 43-3451] SDF backannotation process started with SDF file "thread_test_time_synth.sdf", for root module "thread_test/uut".
INFO: [XSIM 43-3452] SDF backannotation was successful for SDF file "thread_test_time_synth.sdf", for root module "thread_test/uut".
Time Resolution for simulation is 1ps
Compiling module simprims_ver.OBUF
Compiling module simprims_ver.IBUF
Compiling module simprims_ver.BUFG
Compiling module simprims_ver.FDCE_default
Compiling module simprims_ver.FDRE_default
Compiling module simprims_ver.GND
Compiling module simprims_ver.LUT6
Compiling module simprims_ver.x_lut2_mux4
Compiling module simprims_ver.LUT2
Compiling module simprims_ver.CARRY4
Compiling module simprims_ver.LUT4
Compiling module xil_defaultlib.barrelShifter
Compiling module simprims_ver.DSP48E1(ALUMODEREG=0,CARRYINREG=...
Compiling module simprims_ver.LUT5
Compiling module xil_defaultlib.alu
Compiling module simprims_ver.FDRE(IS_C_INVERTED=1'b1)
Compiling module xil_defaultlib.flags
Compiling module xil_defaultlib.instructionDecode
Compiling module xil_defaultlib.opSel
Compiling module simprims_ver.x_lut3_mux8
Compiling module simprims_ver.LUT3
Compiling module simprims_ver.x_lut1_mux2
Compiling module simprims_ver.LUT1(INIT=2'b01)
Compiling module simprims_ver.FDCE(IS_C_INVERTED=1'b1)
Compiling module xil_defaultlib.pc
Compiling module simprims_ver.MUXF8
Compiling module simprims_ver.MUXF7
Compiling module xil_defaultlib.registerFile
Compiling module xil_defaultlib.thread
Compiling module xil_defaultlib.thread_test
Compiling module xil_defaultlib.glbl
Built simulation snapshot thread_test_time_synth
