#! /usr/bin/vvp
:ivl_version "11.0 (stable)";
:ivl_delay_selection "TYPICAL";
:vpi_time_precision - 12;
:vpi_module "/usr/lib/x86_64-linux-gnu/ivl/system.vpi";
:vpi_module "/usr/lib/x86_64-linux-gnu/ivl/vhdl_sys.vpi";
:vpi_module "/usr/lib/x86_64-linux-gnu/ivl/vhdl_textio.vpi";
:vpi_module "/usr/lib/x86_64-linux-gnu/ivl/v2005_math.vpi";
:vpi_module "/usr/lib/x86_64-linux-gnu/ivl/va_math.vpi";
S_0x55eb8ed09e80 .scope module, "thread_tb" "thread_tb" 2 2;
 .timescale -9 -12;
v0x55eb8eda3980_0 .net "bram_read_addr", 10 0, L_0x55eb8eda49f0;  1 drivers
v0x55eb8eda3a60_0 .var "chunkID", 1 0;
v0x55eb8eda3b50_0 .var "clk", 0 0;
v0x55eb8eda3bf0_0 .var "fbram_in", 15 0;
v0x55eb8eda3c90_0 .net "fbram_wr_data", 15 0, L_0x55eb8eda4870;  1 drivers
v0x55eb8eda3d80_0 .net "fbram_wr_en", 0 0, L_0x55eb8eda88b0;  1 drivers
v0x55eb8eda3e70_0 .var/i "file", 31 0;
v0x55eb8eda3f30_0 .var "file_data", 23 0;
v0x55eb8eda4010_0 .var/i "i", 31 0;
v0x55eb8eda40f0_0 .var/i "idx", 31 0;
v0x55eb8eda41d0_0 .var "instruction", 17 0;
v0x55eb8eda4290 .array "instruction_mem", 2047 0, 17 0;
v0x55eb8eda4330_0 .net "prog_mem_addr", 10 0, L_0x55eb8edbaef0;  1 drivers
v0x55eb8eda43f0_0 .var "rst", 0 0;
v0x55eb8eda4520_0 .var "sbram_in", 15 0;
v0x55eb8eda45e0_0 .var/i "status", 31 0;
S_0x55eb8ed69f50 .scope module, "uut" "thread" 2 16, 3 4 0, S_0x55eb8ed09e80;
 .timescale -9 -12;
    .port_info 0 /INPUT 1 "clk";
    .port_info 1 /INPUT 1 "rst";
    .port_info 2 /INPUT 18 "instruction";
    .port_info 3 /INPUT 16 "fbram_in";
    .port_info 4 /INPUT 16 "sbram_in";
    .port_info 5 /INPUT 2 "chunkID";
    .port_info 6 /OUTPUT 11 "program_counter_addr";
    .port_info 7 /OUTPUT 11 "bram_read_addr";
    .port_info 8 /OUTPUT 1 "fbram_wr_en";
    .port_info 9 /OUTPUT 16 "fbram_wr_data";
P_0x55eb8ed23840 .param/l "THREAD_ID" 0 3 4, C4<0000000>;
v0x55eb8eda1a30_0 .net "alu_result", 31 0, v0x55eb8ed985d0_0;  1 drivers
v0x55eb8eda1b10_0 .net "alu_sel", 2 0, L_0x55eb8eda58f0;  1 drivers
v0x55eb8eda1c20_0 .net "bram_read_addr", 10 0, L_0x55eb8eda49f0;  alias, 1 drivers
v0x55eb8eda1ce0_0 .net "chunkID", 1 0, v0x55eb8eda3a60_0;  1 drivers
v0x55eb8eda1da0_0 .net "clk", 0 0, v0x55eb8eda3b50_0;  1 drivers
v0x55eb8eda1e90_0 .net "dest_reg", 3 0, L_0x55eb8eda5c30;  1 drivers
v0x55eb8eda1f30_0 .net "fbram_in", 15 0, v0x55eb8eda3bf0_0;  1 drivers
v0x55eb8eda2010_0 .net "fbram_wr_data", 15 0, L_0x55eb8eda4870;  alias, 1 drivers
v0x55eb8eda20f0_0 .net "fbram_wr_en", 0 0, L_0x55eb8eda88b0;  alias, 1 drivers
v0x55eb8eda2190_0 .net "halt", 0 0, L_0x55eb8eda7b40;  1 drivers
v0x55eb8eda2230_0 .var "halt_reg", 0 0;
v0x55eb8eda2300_0 .net "imm", 9 0, L_0x55eb8eda5a90;  1 drivers
v0x55eb8eda23a0_0 .var "ins_pipeline", 17 0;
v0x55eb8eda2440_0 .net "instruction", 17 0, v0x55eb8eda41d0_0;  1 drivers
v0x55eb8eda2520_0 .var "instruction_reg", 17 0;
v0x55eb8eda2610_0 .net "is_fb", 0 0, L_0x55eb8eda5cd0;  1 drivers
v0x55eb8eda26e0_0 .net "is_jmp", 0 0, L_0x55eb8eda7310;  1 drivers
v0x55eb8eda2890_0 .net "mem_in", 15 0, L_0x55eb8eda46a0;  1 drivers
v0x55eb8eda2930_0 .net "mul_result", 31 0, v0x55eb8ed98070_0;  1 drivers
v0x55eb8eda2a20_0 .net "n", 0 0, L_0x55eb8edb9540;  1 drivers
v0x55eb8eda2b10_0 .net "neg_out", 0 0, v0x55eb8ed98f70_0;  1 drivers
v0x55eb8eda2bb0_0 .net "op_sel", 1 0, L_0x55eb8eda54c0;  1 drivers
v0x55eb8eda2ca0_0 .net "program_counter_addr", 10 0, L_0x55eb8edbaef0;  alias, 1 drivers
v0x55eb8eda2d40_0 .net "rdata_1", 31 0, L_0x55eb8edb8e80;  1 drivers
v0x55eb8eda2de0_0 .net "rdata_2", 31 0, L_0x55eb8edb9320;  1 drivers
v0x55eb8eda2ef0_0 .net "reg_sel_1", 3 0, L_0x55eb8eda7ca0;  1 drivers
v0x55eb8eda3000_0 .net "reg_sel_2", 3 0, L_0x55eb8eda7e30;  1 drivers
v0x55eb8eda3110_0 .net "rst", 0 0, v0x55eb8eda43f0_0;  1 drivers
v0x55eb8eda31b0_0 .net "sbram_in", 15 0, v0x55eb8eda4520_0;  1 drivers
v0x55eb8eda3290_0 .net "shift_len", 3 0, L_0x55eb8eda59f0;  1 drivers
v0x55eb8eda3350_0 .net "wdata", 31 0, L_0x55eb8edbba90;  1 drivers
v0x55eb8eda3460_0 .net "ze", 0 0, L_0x55eb8edb95b0;  1 drivers
v0x55eb8eda3550_0 .net "zero_out", 0 0, v0x55eb8ed99240_0;  1 drivers
E_0x55eb8ed24540 .event posedge, v0x55eb8ed99010_0, v0x55eb8ed9c8a0_0;
E_0x55eb8ed01bd0 .event posedge, v0x55eb8ed99010_0, v0x55eb8ed97c70_0;
L_0x55eb8eda46a0 .functor MUXZ 16, v0x55eb8eda4520_0, v0x55eb8eda3bf0_0, L_0x55eb8eda5cd0, C4<>;
L_0x55eb8eda4870 .part L_0x55eb8edb8e80, 0, 16;
L_0x55eb8eda49f0 .part L_0x55eb8edb9320, 0, 11;
L_0x55eb8eda8ab0 .concat [ 1 1 0 0], v0x55eb8ed99240_0, v0x55eb8ed98f70_0;
S_0x55eb8ed672c0 .scope begin, "haltTrigger" "haltTrigger" 3 125, 3 125 0, S_0x55eb8ed69f50;
 .timescale -9 -12;
S_0x55eb8ed657a0 .scope begin, "haltRst" "haltRst" 3 126, 3 126 0, S_0x55eb8ed672c0;
 .timescale -9 -12;
S_0x55eb8ed786f0 .scope begin, "rstInsPipeline" "rstInsPipeline" 3 47, 3 47 0, S_0x55eb8ed69f50;
 .timescale -9 -12;
S_0x55eb8ed5eb50 .scope module, "threadALU" "alu" 3 86, 4 3 0, S_0x55eb8ed69f50;
 .timescale -9 -12;
    .port_info 0 /INPUT 1 "clk";
    .port_info 1 /INPUT 32 "op1";
    .port_info 2 /INPUT 32 "op2";
    .port_info 3 /INPUT 4 "shift_len";
    .port_info 4 /INPUT 3 "alu_sel";
    .port_info 5 /OUTPUT 32 "alu_res";
    .port_info 6 /OUTPUT 32 "mul_res";
    .port_info 7 /OUTPUT 1 "n";
    .port_info 8 /OUTPUT 1 "ze";
L_0x55eb8edb9540 .functor BUFZ 1, v0x55eb8ed97d30_0, C4<0>, C4<0>, C4<0>;
L_0x55eb8edb95b0 .functor BUFZ 1, v0x55eb8ed97df0_0, C4<0>, C4<0>, C4<0>;
L_0x55eb8edb9690 .functor BUFZ 1, v0x55eb8ed97a50_0, C4<0>, C4<0>, C4<0>;
v0x55eb8ed97890_0 .net "alu_res", 31 0, v0x55eb8ed985d0_0;  alias, 1 drivers
v0x55eb8ed97970_0 .net "alu_sel", 2 0, L_0x55eb8eda58f0;  alias, 1 drivers
v0x55eb8ed97a50_0 .var "carry", 0 0;
v0x55eb8ed97af0_0 .net "carry_out", 0 0, L_0x55eb8edb9690;  1 drivers
v0x55eb8ed97bb0_0 .var "ceff", 0 0;
v0x55eb8ed97c70_0 .net "clk", 0 0, v0x55eb8eda3b50_0;  alias, 1 drivers
v0x55eb8ed97d30_0 .var "is_neg", 0 0;
v0x55eb8ed97df0_0 .var "is_zero", 0 0;
v0x55eb8ed97eb0_0 .var "mul_op1", 15 0;
v0x55eb8ed97f90_0 .var "mul_op2", 15 0;
v0x55eb8ed98070_0 .var "mul_reg", 31 0;
v0x55eb8ed98150_0 .net "mul_res", 31 0, v0x55eb8ed98070_0;  alias, 1 drivers
v0x55eb8ed98230_0 .net "n", 0 0, L_0x55eb8edb9540;  alias, 1 drivers
v0x55eb8ed982f0_0 .net "op1", 31 0, L_0x55eb8edb8e80;  alias, 1 drivers
v0x55eb8ed983b0_0 .net "op2", 31 0, L_0x55eb8edb9320;  alias, 1 drivers
v0x55eb8ed98470_0 .net "shift_len", 3 0, L_0x55eb8eda59f0;  alias, 1 drivers
v0x55eb8ed98530_0 .net "shift_res", 31 0, L_0x55eb8edbac20;  1 drivers
v0x55eb8ed985d0_0 .var "temp", 31 0;
v0x55eb8ed98690_0 .net "ze", 0 0, L_0x55eb8edb95b0;  alias, 1 drivers
E_0x55eb8ed7d060 .event posedge, v0x55eb8ed97c70_0;
E_0x55eb8ed7d410/0 .event edge, v0x55eb8ed97970_0, v0x55eb8ed985d0_0, v0x55eb8ed972d0_0, v0x55eb8ed983b0_0;
E_0x55eb8ed7d410/1 .event edge, v0x55eb8ed97bb0_0, v0x55eb8ed973b0_0;
E_0x55eb8ed7d410 .event/or E_0x55eb8ed7d410/0, E_0x55eb8ed7d410/1;
S_0x55eb8ed55ec0 .scope begin, "aluMulBlock" "aluMulBlock" 4 75, 4 75 0, S_0x55eb8ed5eb50;
 .timescale -9 -12;
S_0x55eb8ed63910 .scope begin, "aluSelBlock" "aluSelBlock" 4 34, 4 34 0, S_0x55eb8ed5eb50;
 .timescale -9 -12;
S_0x55eb8ed60a70 .scope begin, "addSelectBlock" "addSelectBlock" 4 40, 4 40 0, S_0x55eb8ed63910;
 .timescale -9 -12;
S_0x55eb8ed3a820 .scope begin, "andSelectBlock" "andSelectBlock" 4 52, 4 52 0, S_0x55eb8ed63910;
 .timescale -9 -12;
S_0x55eb8ed3aa00 .scope begin, "defaultBlock" "defaultBlock" 4 65, 4 65 0, S_0x55eb8ed63910;
 .timescale -9 -12;
S_0x55eb8ed3e100 .scope begin, "notSelectBlock" "notSelectBlock" 4 61, 4 61 0, S_0x55eb8ed63910;
 .timescale -9 -12;
S_0x55eb8ed3e2e0 .scope begin, "orSelectBlock" "orSelectBlock" 4 57, 4 57 0, S_0x55eb8ed63910;
 .timescale -9 -12;
S_0x55eb8ed2be90 .scope begin, "shiftSelectBlock" "shiftSelectBlock" 4 48, 4 48 0, S_0x55eb8ed63910;
 .timescale -9 -12;
S_0x55eb8ed2c070 .scope begin, "subSelectBlock" "subSelectBlock" 4 44, 4 44 0, S_0x55eb8ed63910;
 .timescale -9 -12;
S_0x55eb8ed379f0 .scope module, "alu_shift" "barrelShifter" 4 27, 5 3 0, S_0x55eb8ed5eb50;
 .timescale -9 -12;
    .port_info 0 /INPUT 32 "d_in";
    .port_info 1 /INPUT 4 "shift_len";
    .port_info 2 /OUTPUT 32 "d_out";
v0x55eb8ed3bc20_0 .net *"_ivl_1", 0 0, L_0x55eb8edb9700;  1 drivers
v0x55eb8ed4bce0_0 .net *"_ivl_11", 0 0, L_0x55eb8edb9b90;  1 drivers
v0x55eb8ed7dbb0_0 .net *"_ivl_13", 1 0, L_0x55eb8edb9c70;  1 drivers
v0x55eb8ed68ff0_0 .net *"_ivl_15", 29 0, L_0x55eb8edb9d60;  1 drivers
v0x55eb8ed69090_0 .net *"_ivl_16", 31 0, L_0x55eb8edb9e50;  1 drivers
v0x55eb8ed742e0_0 .net *"_ivl_21", 0 0, L_0x55eb8edba090;  1 drivers
v0x55eb8ed743e0_0 .net *"_ivl_23", 3 0, L_0x55eb8edba130;  1 drivers
v0x55eb8ed96af0_0 .net *"_ivl_25", 27 0, L_0x55eb8edba290;  1 drivers
v0x55eb8ed96bd0_0 .net *"_ivl_26", 31 0, L_0x55eb8edba330;  1 drivers
v0x55eb8ed96cb0_0 .net *"_ivl_3", 0 0, L_0x55eb8edb97a0;  1 drivers
v0x55eb8ed96d90_0 .net *"_ivl_31", 0 0, L_0x55eb8edba670;  1 drivers
v0x55eb8ed96e70_0 .net *"_ivl_33", 7 0, L_0x55eb8edba8b0;  1 drivers
v0x55eb8ed96f50_0 .net *"_ivl_35", 23 0, L_0x55eb8edba9a0;  1 drivers
v0x55eb8ed97030_0 .net *"_ivl_36", 31 0, L_0x55eb8edbaae0;  1 drivers
v0x55eb8ed97110_0 .net *"_ivl_5", 30 0, L_0x55eb8edb9840;  1 drivers
v0x55eb8ed971f0_0 .net *"_ivl_6", 31 0, L_0x55eb8edb98e0;  1 drivers
v0x55eb8ed972d0_0 .net "d_in", 31 0, L_0x55eb8edb8e80;  alias, 1 drivers
v0x55eb8ed973b0_0 .net "d_out", 31 0, L_0x55eb8edbac20;  alias, 1 drivers
v0x55eb8ed97490_0 .net "shift_len", 3 0, L_0x55eb8eda59f0;  alias, 1 drivers
v0x55eb8ed97570_0 .net "stage_0", 31 0, L_0x55eb8edb9a50;  1 drivers
v0x55eb8ed97650_0 .net "stage_1", 31 0, L_0x55eb8edb9f90;  1 drivers
v0x55eb8ed97730_0 .net "stage_2", 31 0, L_0x55eb8edba4f0;  1 drivers
L_0x55eb8edb9700 .part L_0x55eb8eda59f0, 0, 1;
L_0x55eb8edb97a0 .part L_0x55eb8edb8e80, 0, 1;
L_0x55eb8edb9840 .part L_0x55eb8edb8e80, 1, 31;
L_0x55eb8edb98e0 .concat [ 31 1 0 0], L_0x55eb8edb9840, L_0x55eb8edb97a0;
L_0x55eb8edb9a50 .functor MUXZ 32, L_0x55eb8edb8e80, L_0x55eb8edb98e0, L_0x55eb8edb9700, C4<>;
L_0x55eb8edb9b90 .part L_0x55eb8eda59f0, 1, 1;
L_0x55eb8edb9c70 .part L_0x55eb8edb9a50, 0, 2;
L_0x55eb8edb9d60 .part L_0x55eb8edb9a50, 2, 30;
L_0x55eb8edb9e50 .concat [ 30 2 0 0], L_0x55eb8edb9d60, L_0x55eb8edb9c70;
L_0x55eb8edb9f90 .functor MUXZ 32, L_0x55eb8edb9a50, L_0x55eb8edb9e50, L_0x55eb8edb9b90, C4<>;
L_0x55eb8edba090 .part L_0x55eb8eda59f0, 2, 1;
L_0x55eb8edba130 .part L_0x55eb8edb9f90, 0, 4;
L_0x55eb8edba290 .part L_0x55eb8edb9f90, 4, 28;
L_0x55eb8edba330 .concat [ 28 4 0 0], L_0x55eb8edba290, L_0x55eb8edba130;
L_0x55eb8edba4f0 .functor MUXZ 32, L_0x55eb8edb9f90, L_0x55eb8edba330, L_0x55eb8edba090, C4<>;
L_0x55eb8edba670 .part L_0x55eb8eda59f0, 3, 1;
L_0x55eb8edba8b0 .part L_0x55eb8edba4f0, 0, 8;
L_0x55eb8edba9a0 .part L_0x55eb8edba4f0, 8, 24;
L_0x55eb8edbaae0 .concat [ 24 8 0 0], L_0x55eb8edba9a0, L_0x55eb8edba8b0;
L_0x55eb8edbac20 .functor MUXZ 32, L_0x55eb8edba4f0, L_0x55eb8edbaae0, L_0x55eb8edba670, C4<>;
S_0x55eb8ed98870 .scope module, "threadFlags" "flags" 3 98, 6 4 0, S_0x55eb8ed69f50;
 .timescale -9 -12;
    .port_info 0 /INPUT 1 "clk";
    .port_info 1 /INPUT 1 "rst";
    .port_info 2 /INPUT 1 "n_in";
    .port_info 3 /INPUT 1 "z_in";
    .port_info 4 /OUTPUT 1 "n_out";
    .port_info 5 /OUTPUT 1 "z_out";
v0x55eb8ed98ce0_0 .net "clk", 0 0, v0x55eb8eda3b50_0;  alias, 1 drivers
v0x55eb8ed98dd0_0 .net "n_in", 0 0, L_0x55eb8edb9540;  alias, 1 drivers
v0x55eb8ed98ea0_0 .net "n_out", 0 0, v0x55eb8ed98f70_0;  alias, 1 drivers
v0x55eb8ed98f70_0 .var "nout", 0 0;
v0x55eb8ed99010_0 .net "rst", 0 0, v0x55eb8eda43f0_0;  alias, 1 drivers
v0x55eb8ed99100_0 .net "z_in", 0 0, L_0x55eb8edb95b0;  alias, 1 drivers
v0x55eb8ed991a0_0 .net "z_out", 0 0, v0x55eb8ed99240_0;  alias, 1 drivers
v0x55eb8ed99240_0 .var "zout", 0 0;
E_0x55eb8ed09df0/0 .event negedge, v0x55eb8ed97c70_0;
E_0x55eb8ed09df0/1 .event posedge, v0x55eb8ed99010_0;
E_0x55eb8ed09df0 .event/or E_0x55eb8ed09df0/0, E_0x55eb8ed09df0/1;
S_0x55eb8ed98ae0 .scope begin, "rstFlags" "rstFlags" 6 16, 6 16 0, S_0x55eb8ed98870;
 .timescale -9 -12;
S_0x55eb8ed993c0 .scope module, "threadInsDecode" "instructionDecode" 3 58, 7 3 0, S_0x55eb8ed69f50;
 .timescale -9 -12;
    .port_info 0 /INPUT 18 "ins";
    .port_info 1 /INPUT 2 "flags";
    .port_info 2 /OUTPUT 4 "reg_sel_1";
    .port_info 3 /OUTPUT 4 "reg_sel_2";
    .port_info 4 /OUTPUT 3 "alu_sel";
    .port_info 5 /OUTPUT 2 "op_sel";
    .port_info 6 /OUTPUT 10 "imm";
    .port_info 7 /OUTPUT 4 "shift_len";
    .port_info 8 /OUTPUT 4 "dest";
    .port_info 9 /OUTPUT 1 "is_fb";
    .port_info 10 /OUTPUT 1 "is_jmp";
    .port_info 11 /OUTPUT 1 "fb_wen";
    .port_info 12 /OUTPUT 1 "halt";
L_0x55eb8ed7da90 .functor NOT 1, L_0x55eb8eda4b80, C4<0>, C4<0>, C4<0>;
L_0x55eb8ed74100 .functor NOT 1, L_0x55eb8eda4c70, C4<0>, C4<0>, C4<0>;
L_0x55eb8ed2f3c0 .functor XOR 1, L_0x55eb8ed7da90, L_0x55eb8ed74100, C4<0>, C4<0>;
L_0x55eb8eda4ee0 .functor NOT 1, L_0x55eb8eda4e40, C4<0>, C4<0>, C4<0>;
L_0x55eb8eda4fd0 .functor XOR 1, L_0x55eb8ed2f3c0, L_0x55eb8eda4ee0, C4<0>, C4<0>;
L_0x55eb8eda50e0 .functor AND 1, L_0x55eb8eda4a90, L_0x55eb8eda4fd0, C4<1>, C4<1>;
L_0x55eb8eda53b0 .functor AND 1, L_0x55eb8eda5230, L_0x55eb8eda52d0, C4<1>, C4<1>;
L_0x55eb8eda5740 .functor AND 1, L_0x55eb8eda55b0, L_0x55eb8eda56a0, C4<1>, C4<1>;
L_0x55eb8eda5bc0 .functor AND 1, L_0x55eb8eda5df0, L_0x55eb8eda5e90, C4<1>, C4<1>;
L_0x55eb8eda6270 .functor AND 1, L_0x55eb8eda5bc0, L_0x55eb8eda5fc0, C4<1>, C4<1>;
L_0x55eb8eda6570 .functor NOT 1, L_0x55eb8eda64d0, C4<0>, C4<0>, C4<0>;
L_0x55eb8eda6630 .functor AND 1, L_0x55eb8eda6390, L_0x55eb8eda6570, C4<1>, C4<1>;
L_0x55eb8eda6900 .functor NOT 1, L_0x55eb8eda67b0, C4<0>, C4<0>, C4<0>;
L_0x55eb8eda69c0 .functor AND 1, L_0x55eb8eda6630, L_0x55eb8eda6900, C4<1>, C4<1>;
L_0x55eb8eda6740 .functor OR 1, L_0x55eb8eda6270, L_0x55eb8eda69c0, C4<0>, C4<0>;
L_0x55eb8eda6d50 .functor AND 1, L_0x55eb8eda6430, L_0x55eb8eda6bf0, C4<1>, C4<1>;
L_0x55eb8eda6f90 .functor NOT 1, L_0x55eb8eda6ef0, C4<0>, C4<0>, C4<0>;
L_0x55eb8eda7050 .functor AND 1, L_0x55eb8eda6d50, L_0x55eb8eda6f90, C4<1>, C4<1>;
L_0x55eb8eda7200 .functor OR 1, L_0x55eb8eda6740, L_0x55eb8eda7050, C4<0>, C4<0>;
L_0x55eb8eda7310 .functor AND 1, L_0x55eb8eda7200, L_0x55eb8eda50e0, C4<1>, C4<1>;
L_0x55eb8eda7640 .functor AND 1, L_0x55eb8eda7160, L_0x55eb8eda75a0, C4<1>, C4<1>;
L_0x55eb8eda78d0 .functor AND 1, L_0x55eb8eda7640, L_0x55eb8eda7750, C4<1>, C4<1>;
L_0x55eb8eda7b40 .functor AND 1, L_0x55eb8eda78d0, L_0x55eb8eda7aa0, C4<1>, C4<1>;
L_0x55eb8eda8110 .functor AND 1, L_0x55eb8eda7ed0, L_0x55eb8eda8070, C4<1>, C4<1>;
L_0x55eb8eda84a0 .functor NOT 1, L_0x55eb8eda82f0, C4<0>, C4<0>, C4<0>;
L_0x55eb8eda8560 .functor AND 1, L_0x55eb8eda8110, L_0x55eb8eda84a0, C4<1>, C4<1>;
L_0x55eb8eda87f0 .functor NOT 1, L_0x55eb8eda8750, C4<0>, C4<0>, C4<0>;
L_0x55eb8eda88b0 .functor AND 1, L_0x55eb8eda8560, L_0x55eb8eda87f0, C4<1>, C4<1>;
v0x55eb8ed99730_0 .net *"_ivl_1", 0 0, L_0x55eb8eda4a90;  1 drivers
v0x55eb8ed99830_0 .net *"_ivl_10", 0 0, L_0x55eb8ed2f3c0;  1 drivers
v0x55eb8ed99910_0 .net *"_ivl_100", 0 0, L_0x55eb8eda7aa0;  1 drivers
v0x55eb8ed999d0_0 .net *"_ivl_108", 0 0, L_0x55eb8eda7ed0;  1 drivers
v0x55eb8ed99ab0_0 .net *"_ivl_110", 0 0, L_0x55eb8eda8070;  1 drivers
v0x55eb8ed99be0_0 .net *"_ivl_111", 0 0, L_0x55eb8eda8110;  1 drivers
v0x55eb8ed99cc0_0 .net *"_ivl_114", 0 0, L_0x55eb8eda82f0;  1 drivers
v0x55eb8ed99da0_0 .net *"_ivl_115", 0 0, L_0x55eb8eda84a0;  1 drivers
v0x55eb8ed99e80_0 .net *"_ivl_117", 0 0, L_0x55eb8eda8560;  1 drivers
v0x55eb8ed99f60_0 .net *"_ivl_120", 0 0, L_0x55eb8eda8750;  1 drivers
v0x55eb8ed9a040_0 .net *"_ivl_121", 0 0, L_0x55eb8eda87f0;  1 drivers
v0x55eb8ed9a120_0 .net *"_ivl_13", 0 0, L_0x55eb8eda4e40;  1 drivers
v0x55eb8ed9a200_0 .net *"_ivl_14", 0 0, L_0x55eb8eda4ee0;  1 drivers
v0x55eb8ed9a2e0_0 .net *"_ivl_16", 0 0, L_0x55eb8eda4fd0;  1 drivers
v0x55eb8ed9a3c0_0 .net *"_ivl_23", 0 0, L_0x55eb8eda5230;  1 drivers
v0x55eb8ed9a4a0_0 .net *"_ivl_25", 0 0, L_0x55eb8eda52d0;  1 drivers
v0x55eb8ed9a580_0 .net *"_ivl_26", 0 0, L_0x55eb8eda53b0;  1 drivers
v0x55eb8ed9a770_0 .net *"_ivl_3", 0 0, L_0x55eb8eda4b80;  1 drivers
v0x55eb8ed9a850_0 .net *"_ivl_32", 0 0, L_0x55eb8eda55b0;  1 drivers
v0x55eb8ed9a930_0 .net *"_ivl_34", 0 0, L_0x55eb8eda56a0;  1 drivers
v0x55eb8ed9aa10_0 .net *"_ivl_35", 0 0, L_0x55eb8eda5740;  1 drivers
v0x55eb8ed9aaf0_0 .net *"_ivl_4", 0 0, L_0x55eb8ed7da90;  1 drivers
v0x55eb8ed9abd0_0 .net *"_ivl_48", 0 0, L_0x55eb8eda5df0;  1 drivers
v0x55eb8ed9acb0_0 .net *"_ivl_50", 0 0, L_0x55eb8eda5e90;  1 drivers
v0x55eb8ed9ad90_0 .net *"_ivl_51", 0 0, L_0x55eb8eda5bc0;  1 drivers
v0x55eb8ed9ae70_0 .net *"_ivl_54", 0 0, L_0x55eb8eda5fc0;  1 drivers
v0x55eb8ed9af50_0 .net *"_ivl_55", 0 0, L_0x55eb8eda6270;  1 drivers
v0x55eb8ed9b030_0 .net *"_ivl_58", 0 0, L_0x55eb8eda6390;  1 drivers
v0x55eb8ed9b110_0 .net *"_ivl_60", 0 0, L_0x55eb8eda64d0;  1 drivers
v0x55eb8ed9b1f0_0 .net *"_ivl_61", 0 0, L_0x55eb8eda6570;  1 drivers
v0x55eb8ed9b2d0_0 .net *"_ivl_63", 0 0, L_0x55eb8eda6630;  1 drivers
v0x55eb8ed9b3b0_0 .net *"_ivl_66", 0 0, L_0x55eb8eda67b0;  1 drivers
v0x55eb8ed9b490_0 .net *"_ivl_67", 0 0, L_0x55eb8eda6900;  1 drivers
v0x55eb8ed9b780_0 .net *"_ivl_69", 0 0, L_0x55eb8eda69c0;  1 drivers
v0x55eb8ed9b860_0 .net *"_ivl_7", 0 0, L_0x55eb8eda4c70;  1 drivers
v0x55eb8ed9b940_0 .net *"_ivl_71", 0 0, L_0x55eb8eda6740;  1 drivers
v0x55eb8ed9ba20_0 .net *"_ivl_74", 0 0, L_0x55eb8eda6430;  1 drivers
v0x55eb8ed9bb00_0 .net *"_ivl_76", 0 0, L_0x55eb8eda6bf0;  1 drivers
v0x55eb8ed9bbe0_0 .net *"_ivl_77", 0 0, L_0x55eb8eda6d50;  1 drivers
v0x55eb8ed9bcc0_0 .net *"_ivl_8", 0 0, L_0x55eb8ed74100;  1 drivers
v0x55eb8ed9bda0_0 .net *"_ivl_80", 0 0, L_0x55eb8eda6ef0;  1 drivers
v0x55eb8ed9be80_0 .net *"_ivl_81", 0 0, L_0x55eb8eda6f90;  1 drivers
v0x55eb8ed9bf60_0 .net *"_ivl_83", 0 0, L_0x55eb8eda7050;  1 drivers
v0x55eb8ed9c040_0 .net *"_ivl_85", 0 0, L_0x55eb8eda7200;  1 drivers
v0x55eb8ed9c120_0 .net *"_ivl_90", 0 0, L_0x55eb8eda7160;  1 drivers
v0x55eb8ed9c200_0 .net *"_ivl_92", 0 0, L_0x55eb8eda75a0;  1 drivers
v0x55eb8ed9c2e0_0 .net *"_ivl_93", 0 0, L_0x55eb8eda7640;  1 drivers
v0x55eb8ed9c3c0_0 .net *"_ivl_96", 0 0, L_0x55eb8eda7750;  1 drivers
v0x55eb8ed9c4a0_0 .net *"_ivl_97", 0 0, L_0x55eb8eda78d0;  1 drivers
v0x55eb8ed9c580_0 .net "alu_sel", 2 0, L_0x55eb8eda58f0;  alias, 1 drivers
v0x55eb8ed9c640_0 .net "dest", 3 0, L_0x55eb8eda5c30;  alias, 1 drivers
v0x55eb8ed9c700_0 .net "fb_wen", 0 0, L_0x55eb8eda88b0;  alias, 1 drivers
v0x55eb8ed9c7c0_0 .net "flags", 1 0, L_0x55eb8eda8ab0;  1 drivers
v0x55eb8ed9c8a0_0 .net "halt", 0 0, L_0x55eb8eda7b40;  alias, 1 drivers
v0x55eb8ed9c960_0 .net "imm", 9 0, L_0x55eb8eda5a90;  alias, 1 drivers
v0x55eb8ed9ca40_0 .net "ins", 17 0, v0x55eb8eda2520_0;  1 drivers
v0x55eb8ed9cb20_0 .net "is_fb", 0 0, L_0x55eb8eda5cd0;  alias, 1 drivers
v0x55eb8ed9cbe0_0 .net "is_jmp", 0 0, L_0x55eb8eda7310;  alias, 1 drivers
v0x55eb8ed9cca0_0 .net "jumpIns", 0 0, L_0x55eb8eda50e0;  1 drivers
v0x55eb8ed9cd60_0 .net "op_sel", 1 0, L_0x55eb8eda54c0;  alias, 1 drivers
v0x55eb8ed9ce40_0 .net "reg_sel_1", 3 0, L_0x55eb8eda7ca0;  alias, 1 drivers
v0x55eb8ed9cf20_0 .net "reg_sel_2", 3 0, L_0x55eb8eda7e30;  alias, 1 drivers
v0x55eb8ed9d000_0 .net "shift_len", 3 0, L_0x55eb8eda59f0;  alias, 1 drivers
L_0x55eb8eda4a90 .part v0x55eb8eda2520_0, 17, 1;
L_0x55eb8eda4b80 .part v0x55eb8eda2520_0, 16, 1;
L_0x55eb8eda4c70 .part v0x55eb8eda2520_0, 15, 1;
L_0x55eb8eda4e40 .part v0x55eb8eda2520_0, 14, 1;
L_0x55eb8eda5230 .part v0x55eb8eda2520_0, 17, 1;
L_0x55eb8eda52d0 .part v0x55eb8eda2520_0, 14, 1;
L_0x55eb8eda54c0 .concat8 [ 1 1 0 0], L_0x55eb8eda53b0, L_0x55eb8eda5740;
L_0x55eb8eda55b0 .part v0x55eb8eda2520_0, 17, 1;
L_0x55eb8eda56a0 .part v0x55eb8eda2520_0, 15, 1;
L_0x55eb8eda58f0 .part v0x55eb8eda2520_0, 14, 3;
L_0x55eb8eda59f0 .part v0x55eb8eda2520_0, 4, 4;
L_0x55eb8eda5a90 .part v0x55eb8eda2520_0, 4, 10;
L_0x55eb8eda5c30 .part v0x55eb8eda2520_0, 0, 4;
L_0x55eb8eda5cd0 .part v0x55eb8eda2520_0, 13, 1;
L_0x55eb8eda5df0 .part L_0x55eb8eda8ab0, 1, 1;
L_0x55eb8eda5e90 .part v0x55eb8eda2520_0, 16, 1;
L_0x55eb8eda5fc0 .part v0x55eb8eda2520_0, 15, 1;
L_0x55eb8eda6390 .part L_0x55eb8eda8ab0, 0, 1;
L_0x55eb8eda64d0 .part v0x55eb8eda2520_0, 16, 1;
L_0x55eb8eda67b0 .part v0x55eb8eda2520_0, 15, 1;
L_0x55eb8eda6430 .part v0x55eb8eda2520_0, 17, 1;
L_0x55eb8eda6bf0 .part v0x55eb8eda2520_0, 16, 1;
L_0x55eb8eda6ef0 .part v0x55eb8eda2520_0, 15, 1;
L_0x55eb8eda7160 .part v0x55eb8eda2520_0, 17, 1;
L_0x55eb8eda75a0 .part v0x55eb8eda2520_0, 16, 1;
L_0x55eb8eda7750 .part v0x55eb8eda2520_0, 15, 1;
L_0x55eb8eda7aa0 .part v0x55eb8eda2520_0, 14, 1;
L_0x55eb8eda7ca0 .part v0x55eb8eda2520_0, 8, 4;
L_0x55eb8eda7e30 .part v0x55eb8eda2520_0, 4, 4;
L_0x55eb8eda7ed0 .part v0x55eb8eda2520_0, 17, 1;
L_0x55eb8eda8070 .part v0x55eb8eda2520_0, 16, 1;
L_0x55eb8eda82f0 .part v0x55eb8eda2520_0, 15, 1;
L_0x55eb8eda8750 .part v0x55eb8eda2520_0, 14, 1;
S_0x55eb8ed9d260 .scope module, "threadOpSel" "opSel" 3 116, 8 3 0, S_0x55eb8ed69f50;
 .timescale -9 -12;
    .port_info 0 /INPUT 32 "mult_res";
    .port_info 1 /INPUT 32 "alu_res";
    .port_info 2 /INPUT 16 "memory_in";
    .port_info 3 /INPUT 10 "imm";
    .port_info 4 /INPUT 2 "op_select";
    .port_info 5 /OUTPUT 32 "wr_data";
L_0x7a35d9c4f1c8 .functor BUFT 1, C4<00>, C4<0>, C4<0>, C4<0>;
v0x55eb8ed9d4e0_0 .net/2u *"_ivl_0", 1 0, L_0x7a35d9c4f1c8;  1 drivers
v0x55eb8ed9d5e0_0 .net *"_ivl_10", 0 0, L_0x55eb8edbb0e0;  1 drivers
L_0x7a35d9c4f2a0 .functor BUFT 1, C4<0000000000000000000000>, C4<0>, C4<0>, C4<0>;
v0x55eb8ed9d6a0_0 .net/2u *"_ivl_12", 21 0, L_0x7a35d9c4f2a0;  1 drivers
v0x55eb8ed9d760_0 .net *"_ivl_14", 31 0, L_0x55eb8edbb180;  1 drivers
L_0x7a35d9c4f2e8 .functor BUFT 1, C4<01>, C4<0>, C4<0>, C4<0>;
v0x55eb8ed9d840_0 .net/2u *"_ivl_16", 1 0, L_0x7a35d9c4f2e8;  1 drivers
v0x55eb8ed9d970_0 .net *"_ivl_18", 0 0, L_0x55eb8edbb2d0;  1 drivers
v0x55eb8ed9da30_0 .net *"_ivl_2", 0 0, L_0x55eb8edbaa40;  1 drivers
L_0x7a35d9c4f330 .functor BUFT 1, C4<0000000000000000>, C4<0>, C4<0>, C4<0>;
v0x55eb8ed9daf0_0 .net/2u *"_ivl_20", 15 0, L_0x7a35d9c4f330;  1 drivers
v0x55eb8ed9dbd0_0 .net *"_ivl_22", 31 0, L_0x55eb8edbb3f0;  1 drivers
L_0x7a35d9c4f378 .functor BUFT 1, C4<00000000000000000000000000000000>, C4<0>, C4<0>, C4<0>;
v0x55eb8ed9dcb0_0 .net/2u *"_ivl_24", 31 0, L_0x7a35d9c4f378;  1 drivers
v0x55eb8ed9dd90_0 .net *"_ivl_26", 31 0, L_0x55eb8edbb550;  1 drivers
v0x55eb8ed9de70_0 .net *"_ivl_28", 31 0, L_0x55eb8edbb6e0;  1 drivers
v0x55eb8ed9df50_0 .net *"_ivl_30", 31 0, L_0x55eb8edbb8c0;  1 drivers
L_0x7a35d9c4f210 .functor BUFT 1, C4<10>, C4<0>, C4<0>, C4<0>;
v0x55eb8ed9e030_0 .net/2u *"_ivl_4", 1 0, L_0x7a35d9c4f210;  1 drivers
v0x55eb8ed9e110_0 .net *"_ivl_6", 0 0, L_0x55eb8edbaf60;  1 drivers
L_0x7a35d9c4f258 .functor BUFT 1, C4<11>, C4<0>, C4<0>, C4<0>;
v0x55eb8ed9e1d0_0 .net/2u *"_ivl_8", 1 0, L_0x7a35d9c4f258;  1 drivers
v0x55eb8ed9e2b0_0 .net "alu_res", 31 0, v0x55eb8ed985d0_0;  alias, 1 drivers
v0x55eb8ed9e370_0 .net "imm", 9 0, L_0x55eb8eda5a90;  alias, 1 drivers
v0x55eb8ed9e440_0 .net "memory_in", 15 0, L_0x55eb8eda46a0;  alias, 1 drivers
v0x55eb8ed9e500_0 .net "mult_res", 31 0, v0x55eb8ed98070_0;  alias, 1 drivers
v0x55eb8ed9e5f0_0 .net "op_select", 1 0, L_0x55eb8eda54c0;  alias, 1 drivers
v0x55eb8ed9e6c0_0 .net "wr_data", 31 0, L_0x55eb8edbba90;  alias, 1 drivers
L_0x55eb8edbaa40 .cmp/eq 2, L_0x55eb8eda54c0, L_0x7a35d9c4f1c8;
L_0x55eb8edbaf60 .cmp/eq 2, L_0x55eb8eda54c0, L_0x7a35d9c4f210;
L_0x55eb8edbb0e0 .cmp/eq 2, L_0x55eb8eda54c0, L_0x7a35d9c4f258;
L_0x55eb8edbb180 .concat [ 10 22 0 0], L_0x55eb8eda5a90, L_0x7a35d9c4f2a0;
L_0x55eb8edbb2d0 .cmp/eq 2, L_0x55eb8eda54c0, L_0x7a35d9c4f2e8;
L_0x55eb8edbb3f0 .concat [ 16 16 0 0], L_0x55eb8eda46a0, L_0x7a35d9c4f330;
L_0x55eb8edbb550 .functor MUXZ 32, L_0x7a35d9c4f378, L_0x55eb8edbb3f0, L_0x55eb8edbb2d0, C4<>;
L_0x55eb8edbb6e0 .functor MUXZ 32, L_0x55eb8edbb550, L_0x55eb8edbb180, L_0x55eb8edbb0e0, C4<>;
L_0x55eb8edbb8c0 .functor MUXZ 32, L_0x55eb8edbb6e0, v0x55eb8ed98070_0, L_0x55eb8edbaf60, C4<>;
L_0x55eb8edbba90 .functor MUXZ 32, L_0x55eb8edbb8c0, v0x55eb8ed985d0_0, L_0x55eb8edbaa40, C4<>;
S_0x55eb8ed9e840 .scope module, "threadProgCount" "pc" 3 107, 9 3 0, S_0x55eb8ed69f50;
 .timescale -9 -12;
    .port_info 0 /INPUT 1 "clk";
    .port_info 1 /INPUT 1 "rst";
    .port_info 2 /INPUT 10 "imm";
    .port_info 3 /INPUT 1 "is_jmp";
    .port_info 4 /INPUT 1 "halt";
    .port_info 5 /OUTPUT 11 "prog_addrs";
L_0x55eb8edbaef0 .functor BUFZ 11, v0x55eb8ed9f370_0, C4<00000000000>, C4<00000000000>, C4<00000000000>;
v0x55eb8ed9f280_0 .net "clk", 0 0, v0x55eb8eda3b50_0;  alias, 1 drivers
v0x55eb8ed9f370_0 .var "counter", 10 0;
v0x55eb8ed9f430_0 .net "halt", 0 0, v0x55eb8eda2230_0;  1 drivers
v0x55eb8ed9f4d0_0 .net "imm", 9 0, L_0x55eb8eda5a90;  alias, 1 drivers
v0x55eb8ed9f5e0_0 .net "is_jmp", 0 0, L_0x55eb8eda7310;  alias, 1 drivers
v0x55eb8ed9f6d0_0 .net "prog_addrs", 10 0, L_0x55eb8edbaef0;  alias, 1 drivers
v0x55eb8ed9f790_0 .net "rst", 0 0, v0x55eb8eda43f0_0;  alias, 1 drivers
S_0x55eb8ed9ea70 .scope begin, "mainProgCounter" "mainProgCounter" 9 15, 9 15 0, S_0x55eb8ed9e840;
 .timescale -9 -12;
S_0x55eb8ed9ec70 .scope begin, "haltProgCounter" "haltProgCounter" 9 19, 9 19 0, S_0x55eb8ed9ea70;
 .timescale -9 -12;
S_0x55eb8ed9ee70 .scope begin, "incrProgCounter" "incrProgCounter" 9 22, 9 22 0, S_0x55eb8ed9ea70;
 .timescale -9 -12;
S_0x55eb8ed9f070 .scope begin, "rstProgramCounter" "rstProgramCounter" 9 16, 9 16 0, S_0x55eb8ed9ea70;
 .timescale -9 -12;
S_0x55eb8ed9f8d0 .scope module, "threadRegisterFile" "registerFile" 3 74, 10 1 0, S_0x55eb8ed69f50;
 .timescale -9 -12;
    .port_info 0 /INPUT 1 "clk";
    .port_info 1 /INPUT 1 "rst";
    .port_info 2 /INPUT 2 "chunkID";
    .port_info 3 /INPUT 4 "raddr1";
    .port_info 4 /INPUT 4 "raddr2";
    .port_info 5 /INPUT 4 "waddr";
    .port_info 6 /INPUT 32 "wdata";
    .port_info 7 /OUTPUT 32 "rdata1";
    .port_info 8 /OUTPUT 32 "rdata2";
P_0x55eb8ed9fab0 .param/l "THREAD_ID" 0 10 3, C4<0000000>;
L_0x7a35d9c4f018 .functor BUFT 1, C4<1110>, C4<0>, C4<0>, C4<0>;
v0x55eb8eda05b0_0 .net/2u *"_ivl_0", 3 0, L_0x7a35d9c4f018;  1 drivers
L_0x7a35d9c4f0a8 .functor BUFT 1, C4<00000000000000000000000000000000>, C4<0>, C4<0>, C4<0>;
v0x55eb8eda06b0_0 .net/2u *"_ivl_10", 31 0, L_0x7a35d9c4f0a8;  1 drivers
L_0x7a35d9c4f0f0 .functor BUFT 1, C4<1110>, C4<0>, C4<0>, C4<0>;
v0x55eb8eda0790_0 .net/2u *"_ivl_14", 3 0, L_0x7a35d9c4f0f0;  1 drivers
v0x55eb8eda0850_0 .net *"_ivl_16", 0 0, L_0x55eb8edb9010;  1 drivers
v0x55eb8eda0910_0 .net *"_ivl_18", 31 0, L_0x55eb8edb9100;  1 drivers
v0x55eb8eda0a40_0 .net *"_ivl_2", 0 0, L_0x55eb8eda8bf0;  1 drivers
v0x55eb8eda0b00_0 .net *"_ivl_20", 5 0, L_0x55eb8edb91e0;  1 drivers
L_0x7a35d9c4f138 .functor BUFT 1, C4<00>, C4<0>, C4<0>, C4<0>;
v0x55eb8eda0be0_0 .net *"_ivl_23", 1 0, L_0x7a35d9c4f138;  1 drivers
L_0x7a35d9c4f180 .functor BUFT 1, C4<00000000000000000000000000000000>, C4<0>, C4<0>, C4<0>;
v0x55eb8eda0cc0_0 .net/2u *"_ivl_24", 31 0, L_0x7a35d9c4f180;  1 drivers
v0x55eb8eda0da0_0 .net *"_ivl_4", 31 0, L_0x55eb8eda8ce0;  1 drivers
v0x55eb8eda0e80_0 .net *"_ivl_6", 5 0, L_0x55eb8eda8d80;  1 drivers
L_0x7a35d9c4f060 .functor BUFT 1, C4<00>, C4<0>, C4<0>, C4<0>;
v0x55eb8eda0f60_0 .net *"_ivl_9", 1 0, L_0x7a35d9c4f060;  1 drivers
v0x55eb8eda1040_0 .net "chunkID", 1 0, v0x55eb8eda3a60_0;  alias, 1 drivers
v0x55eb8eda1120_0 .net "clk", 0 0, v0x55eb8eda3b50_0;  alias, 1 drivers
v0x55eb8eda11c0 .array "r", 0 14, 31 0;
v0x55eb8eda1280_0 .net "raddr1", 3 0, L_0x55eb8eda7ca0;  alias, 1 drivers
v0x55eb8eda1340_0 .net "raddr2", 3 0, L_0x55eb8eda7e30;  alias, 1 drivers
v0x55eb8eda1520_0 .net "rdata1", 31 0, L_0x55eb8edb8e80;  alias, 1 drivers
v0x55eb8eda15c0_0 .net "rdata2", 31 0, L_0x55eb8edb9320;  alias, 1 drivers
v0x55eb8eda1680_0 .net "rst", 0 0, v0x55eb8eda43f0_0;  alias, 1 drivers
v0x55eb8eda1770_0 .net "waddr", 3 0, L_0x55eb8eda5c30;  alias, 1 drivers
v0x55eb8eda1810_0 .net "wdata", 31 0, L_0x55eb8edbba90;  alias, 1 drivers
L_0x55eb8eda8bf0 .cmp/ge 4, L_0x7a35d9c4f018, L_0x55eb8eda7ca0;
L_0x55eb8eda8ce0 .array/port v0x55eb8eda11c0, L_0x55eb8eda8d80;
L_0x55eb8eda8d80 .concat [ 4 2 0 0], L_0x55eb8eda7ca0, L_0x7a35d9c4f060;
L_0x55eb8edb8e80 .functor MUXZ 32, L_0x7a35d9c4f0a8, L_0x55eb8eda8ce0, L_0x55eb8eda8bf0, C4<>;
L_0x55eb8edb9010 .cmp/ge 4, L_0x7a35d9c4f0f0, L_0x55eb8eda7e30;
L_0x55eb8edb9100 .array/port v0x55eb8eda11c0, L_0x55eb8edb91e0;
L_0x55eb8edb91e0 .concat [ 4 2 0 0], L_0x55eb8eda7e30, L_0x7a35d9c4f138;
L_0x55eb8edb9320 .functor MUXZ 32, L_0x7a35d9c4f180, L_0x55eb8edb9100, L_0x55eb8edb9010, C4<>;
S_0x55eb8ed9fcd0 .scope begin, "mainRegisterFile" "mainRegisterFile" 10 18, 10 18 0, S_0x55eb8ed9f8d0;
 .timescale -9 -12;
S_0x55eb8ed9fed0 .scope begin, "rstRegisterFile" "rstRegisterFile" 10 19, 10 19 0, S_0x55eb8ed9fcd0;
 .timescale -9 -12;
v0x55eb8eda00d0_0 .var/i "i", 31 0;
S_0x55eb8eda01d0 .scope begin, "writeRegisterFile" "writeRegisterFile" 10 26, 10 26 0, S_0x55eb8ed9fcd0;
 .timescale -9 -12;
S_0x55eb8eda03d0 .scope begin, "writeMetaRegisterFile" "writeMetaRegisterFile" 10 30, 10 30 0, S_0x55eb8eda01d0;
 .timescale -9 -12;
    .scope S_0x55eb8ed9f8d0;
T_0 ;
    %wait E_0x55eb8ed09df0;
    %fork t_1, S_0x55eb8ed9fcd0;
    %jmp t_0;
    .scope S_0x55eb8ed9fcd0;
t_1 ;
    %load/vec4 v0x55eb8eda1680_0;
    %flag_set/vec4 8;
    %jmp/0xz  T_0.0, 8;
    %fork t_3, S_0x55eb8ed9fed0;
    %jmp t_2;
    .scope S_0x55eb8ed9fed0;
t_3 ;
    %pushi/vec4 0, 0, 32;
    %store/vec4 v0x55eb8eda00d0_0, 0, 32;
T_0.2 ;
    %load/vec4 v0x55eb8eda00d0_0;
    %cmpi/s 14, 0, 32;
    %jmp/0xz T_0.3, 5;
    %pushi/vec4 0, 0, 32;
    %ix/getv/s 3, v0x55eb8eda00d0_0;
    %ix/load 4, 0, 0; Constant delay
    %assign/vec4/a/d v0x55eb8eda11c0, 0, 4;
    %load/vec4 v0x55eb8eda00d0_0;
    %addi 1, 0, 32;
    %store/vec4 v0x55eb8eda00d0_0, 0, 32;
    %jmp T_0.2;
T_0.3 ;
    %pushi/vec4 0, 0, 23;
    %load/vec4 v0x55eb8eda1040_0;
    %concat/vec4; draw_concat_vec4
    %concati/vec4 0, 0, 7;
    %ix/load 3, 14, 0;
    %flag_set/imm 4, 0;
    %ix/load 4, 0, 0; Constant delay
    %assign/vec4/a/d v0x55eb8eda11c0, 0, 4;
    %end;
    .scope S_0x55eb8ed9fcd0;
t_2 %join;
    %jmp T_0.1;
T_0.0 ;
    %fork t_5, S_0x55eb8eda01d0;
    %jmp t_4;
    .scope S_0x55eb8eda01d0;
t_5 ;
    %load/vec4 v0x55eb8eda1770_0;
    %cmpi/u 14, 0, 4;
    %jmp/0xz  T_0.4, 5;
    %load/vec4 v0x55eb8eda1810_0;
    %load/vec4 v0x55eb8eda1770_0;
    %pad/u 6;
    %ix/vec4 3;
    %ix/load 4, 0, 0; Constant delay
    %assign/vec4/a/d v0x55eb8eda11c0, 0, 4;
    %jmp T_0.5;
T_0.4 ;
    %load/vec4 v0x55eb8eda1770_0;
    %cmpi/e 14, 0, 4;
    %jmp/0xz  T_0.6, 4;
    %fork t_7, S_0x55eb8eda03d0;
    %jmp t_6;
    .scope S_0x55eb8eda03d0;
t_7 ;
    %pushi/vec4 0, 0, 23;
    %load/vec4 v0x55eb8eda1040_0;
    %concat/vec4; draw_concat_vec4
    %concati/vec4 0, 0, 7;
    %ix/load 3, 14, 0;
    %flag_set/imm 4, 0;
    %ix/load 4, 0, 0; Constant delay
    %assign/vec4/a/d v0x55eb8eda11c0, 0, 4;
    %end;
    .scope S_0x55eb8eda01d0;
t_6 %join;
T_0.6 ;
T_0.5 ;
    %end;
    .scope S_0x55eb8ed9fcd0;
t_4 %join;
T_0.1 ;
    %end;
    .scope S_0x55eb8ed9f8d0;
t_0 %join;
    %jmp T_0;
    .thread T_0;
    .scope S_0x55eb8ed5eb50;
T_1 ;
    %wait E_0x55eb8ed7d410;
    %fork t_9, S_0x55eb8ed63910;
    %jmp t_8;
    .scope S_0x55eb8ed63910;
t_9 ;
    %load/vec4 v0x55eb8ed97970_0;
    %parti/s 1, 2, 3;
    %inv;
    %load/vec4 v0x55eb8ed97970_0;
    %parti/s 1, 1, 2;
    %and;
    %load/vec4 v0x55eb8ed97970_0;
    %parti/s 1, 0, 2;
    %and;
    %assign/vec4 v0x55eb8ed97bb0_0, 0;
    %load/vec4 v0x55eb8ed985d0_0;
    %parti/s 1, 31, 6;
    %store/vec4 v0x55eb8ed97d30_0, 0, 1;
    %load/vec4 v0x55eb8ed985d0_0;
    %nor/r;
    %store/vec4 v0x55eb8ed97df0_0, 0, 1;
    %load/vec4 v0x55eb8ed97970_0;
    %dup/vec4;
    %pushi/vec4 0, 0, 3;
    %cmp/u;
    %jmp/1 T_1.0, 6;
    %dup/vec4;
    %pushi/vec4 1, 0, 3;
    %cmp/u;
    %jmp/1 T_1.1, 6;
    %dup/vec4;
    %pushi/vec4 4, 0, 3;
    %cmp/u;
    %jmp/1 T_1.2, 6;
    %dup/vec4;
    %pushi/vec4 5, 0, 3;
    %cmp/u;
    %jmp/1 T_1.3, 6;
    %dup/vec4;
    %pushi/vec4 6, 0, 3;
    %cmp/u;
    %jmp/1 T_1.4, 6;
    %dup/vec4;
    %pushi/vec4 7, 0, 3;
    %cmp/u;
    %jmp/1 T_1.5, 6;
    %fork t_11, S_0x55eb8ed3aa00;
    %jmp t_10;
    .scope S_0x55eb8ed3aa00;
t_11 ;
    %pushi/vec4 0, 0, 32;
    %store/vec4 v0x55eb8ed985d0_0, 0, 32;
    %end;
    .scope S_0x55eb8ed63910;
t_10 %join;
    %jmp T_1.7;
T_1.0 ;
    %fork t_13, S_0x55eb8ed60a70;
    %jmp t_12;
    .scope S_0x55eb8ed60a70;
t_13 ;
    %load/vec4 v0x55eb8ed982f0_0;
    %pad/u 33;
    %load/vec4 v0x55eb8ed983b0_0;
    %pad/u 33;
    %add;
    %load/vec4 v0x55eb8ed97bb0_0;
    %pad/u 33;
    %add;
    %split/vec4 32;
    %store/vec4 v0x55eb8ed985d0_0, 0, 32;
    %store/vec4 v0x55eb8ed97a50_0, 0, 1;
    %end;
    .scope S_0x55eb8ed63910;
t_12 %join;
    %jmp T_1.7;
T_1.1 ;
    %fork t_15, S_0x55eb8ed2c070;
    %jmp t_14;
    .scope S_0x55eb8ed2c070;
t_15 ;
    %load/vec4 v0x55eb8ed983b0_0;
    %pad/u 33;
    %load/vec4 v0x55eb8ed982f0_0;
    %pad/u 33;
    %sub;
    %split/vec4 32;
    %assign/vec4 v0x55eb8ed985d0_0, 0;
    %assign/vec4 v0x55eb8ed97a50_0, 0;
    %end;
    .scope S_0x55eb8ed63910;
t_14 %join;
    %jmp T_1.7;
T_1.2 ;
    %fork t_17, S_0x55eb8ed2be90;
    %jmp t_16;
    .scope S_0x55eb8ed2be90;
t_17 ;
    %load/vec4 v0x55eb8ed98530_0;
    %store/vec4 v0x55eb8ed985d0_0, 0, 32;
    %end;
    .scope S_0x55eb8ed63910;
t_16 %join;
    %jmp T_1.7;
T_1.3 ;
    %fork t_19, S_0x55eb8ed3a820;
    %jmp t_18;
    .scope S_0x55eb8ed3a820;
t_19 ;
    %load/vec4 v0x55eb8ed982f0_0;
    %load/vec4 v0x55eb8ed983b0_0;
    %and;
    %store/vec4 v0x55eb8ed985d0_0, 0, 32;
    %end;
    .scope S_0x55eb8ed63910;
t_18 %join;
    %jmp T_1.7;
T_1.4 ;
    %fork t_21, S_0x55eb8ed3e2e0;
    %jmp t_20;
    .scope S_0x55eb8ed3e2e0;
t_21 ;
    %load/vec4 v0x55eb8ed982f0_0;
    %load/vec4 v0x55eb8ed983b0_0;
    %or;
    %store/vec4 v0x55eb8ed985d0_0, 0, 32;
    %end;
    .scope S_0x55eb8ed63910;
t_20 %join;
    %jmp T_1.7;
T_1.5 ;
    %fork t_23, S_0x55eb8ed3e100;
    %jmp t_22;
    .scope S_0x55eb8ed3e100;
t_23 ;
    %load/vec4 v0x55eb8ed982f0_0;
    %inv;
    %store/vec4 v0x55eb8ed985d0_0, 0, 32;
    %end;
    .scope S_0x55eb8ed63910;
t_22 %join;
    %jmp T_1.7;
T_1.7 ;
    %pop/vec4 1;
    %end;
    .scope S_0x55eb8ed5eb50;
t_8 %join;
    %jmp T_1;
    .thread T_1, $push;
    .scope S_0x55eb8ed5eb50;
T_2 ;
    %wait E_0x55eb8ed7d060;
    %fork t_25, S_0x55eb8ed55ec0;
    %jmp t_24;
    .scope S_0x55eb8ed55ec0;
t_25 ;
    %load/vec4 v0x55eb8ed982f0_0;
    %parti/s 16, 0, 2;
    %assign/vec4 v0x55eb8ed97eb0_0, 0;
    %load/vec4 v0x55eb8ed983b0_0;
    %parti/s 16, 0, 2;
    %assign/vec4 v0x55eb8ed97f90_0, 0;
    %load/vec4 v0x55eb8ed97eb0_0;
    %pad/u 32;
    %load/vec4 v0x55eb8ed97f90_0;
    %pad/u 32;
    %mul;
    %assign/vec4 v0x55eb8ed98070_0, 0;
    %end;
    .scope S_0x55eb8ed5eb50;
t_24 %join;
    %jmp T_2;
    .thread T_2;
    .scope S_0x55eb8ed98870;
T_3 ;
    %wait E_0x55eb8ed09df0;
    %load/vec4 v0x55eb8ed99010_0;
    %flag_set/vec4 8;
    %jmp/0xz  T_3.0, 8;
    %fork t_27, S_0x55eb8ed98ae0;
    %jmp t_26;
    .scope S_0x55eb8ed98ae0;
t_27 ;
    %pushi/vec4 0, 0, 1;
    %assign/vec4 v0x55eb8ed98f70_0, 0;
    %pushi/vec4 0, 0, 1;
    %assign/vec4 v0x55eb8ed99240_0, 0;
    %end;
    .scope S_0x55eb8ed98870;
t_26 %join;
T_3.0 ;
    %load/vec4 v0x55eb8ed98dd0_0;
    %assign/vec4 v0x55eb8ed98f70_0, 0;
    %load/vec4 v0x55eb8ed99100_0;
    %assign/vec4 v0x55eb8ed99240_0, 0;
    %jmp T_3;
    .thread T_3;
    .scope S_0x55eb8ed9e840;
T_4 ;
    %wait E_0x55eb8ed09df0;
    %fork t_29, S_0x55eb8ed9ea70;
    %jmp t_28;
    .scope S_0x55eb8ed9ea70;
t_29 ;
    %load/vec4 v0x55eb8ed9f790_0;
    %flag_set/vec4 8;
    %jmp/0xz  T_4.0, 8;
    %fork t_31, S_0x55eb8ed9f070;
    %jmp t_30;
    .scope S_0x55eb8ed9f070;
t_31 ;
    %pushi/vec4 0, 0, 11;
    %assign/vec4 v0x55eb8ed9f370_0, 0;
    %end;
    .scope S_0x55eb8ed9ea70;
t_30 %join;
    %jmp T_4.1;
T_4.0 ;
    %load/vec4 v0x55eb8ed9f430_0;
    %flag_set/vec4 8;
    %jmp/0xz  T_4.2, 8;
    %fork t_33, S_0x55eb8ed9ec70;
    %jmp t_32;
    .scope S_0x55eb8ed9ec70;
t_33 ;
    %load/vec4 v0x55eb8ed9f370_0;
    %assign/vec4 v0x55eb8ed9f370_0, 0;
    %end;
    .scope S_0x55eb8ed9ea70;
t_32 %join;
    %jmp T_4.3;
T_4.2 ;
    %fork t_35, S_0x55eb8ed9ee70;
    %jmp t_34;
    .scope S_0x55eb8ed9ee70;
t_35 ;
    %load/vec4 v0x55eb8ed9f5e0_0;
    %flag_set/vec4 8;
    %jmp/0 T_4.4, 8;
    %pushi/vec4 0, 0, 1;
    %load/vec4 v0x55eb8ed9f4d0_0;
    %concat/vec4; draw_concat_vec4
    %jmp/1 T_4.5, 8;
T_4.4 ; End of true expr.
    %load/vec4 v0x55eb8ed9f370_0;
    %addi 1, 0, 11;
    %jmp/0 T_4.5, 8;
 ; End of false expr.
    %blend;
T_4.5;
    %assign/vec4 v0x55eb8ed9f370_0, 0;
    %end;
    .scope S_0x55eb8ed9ea70;
t_34 %join;
T_4.3 ;
T_4.1 ;
    %end;
    .scope S_0x55eb8ed9e840;
t_28 %join;
    %jmp T_4;
    .thread T_4;
    .scope S_0x55eb8ed69f50;
T_5 ;
    %wait E_0x55eb8ed01bd0;
    %load/vec4 v0x55eb8eda3110_0;
    %flag_set/vec4 8;
    %jmp/0xz  T_5.0, 8;
    %fork t_37, S_0x55eb8ed786f0;
    %jmp t_36;
    .scope S_0x55eb8ed786f0;
t_37 ;
    %pushi/vec4 4095, 0, 18;
    %assign/vec4 v0x55eb8eda23a0_0, 0;
    %pushi/vec4 4095, 0, 18;
    %assign/vec4 v0x55eb8eda2520_0, 0;
    %end;
    .scope S_0x55eb8ed69f50;
t_36 %join;
T_5.0 ;
    %load/vec4 v0x55eb8eda2440_0;
    %assign/vec4 v0x55eb8eda23a0_0, 0;
    %load/vec4 v0x55eb8eda23a0_0;
    %assign/vec4 v0x55eb8eda2520_0, 0;
    %jmp T_5;
    .thread T_5;
    .scope S_0x55eb8ed69f50;
T_6 ;
    %wait E_0x55eb8ed24540;
    %fork t_39, S_0x55eb8ed672c0;
    %jmp t_38;
    .scope S_0x55eb8ed672c0;
t_39 ;
    %load/vec4 v0x55eb8eda3110_0;
    %flag_set/vec4 8;
    %jmp/0xz  T_6.0, 8;
    %fork t_41, S_0x55eb8ed657a0;
    %jmp t_40;
    .scope S_0x55eb8ed657a0;
t_41 ;
    %pushi/vec4 0, 0, 1;
    %assign/vec4 v0x55eb8eda2230_0, 0;
    %end;
    .scope S_0x55eb8ed672c0;
t_40 %join;
    %jmp T_6.1;
T_6.0 ;
    %pushi/vec4 1, 0, 1;
    %assign/vec4 v0x55eb8eda2230_0, 0;
T_6.1 ;
    %end;
    .scope S_0x55eb8ed69f50;
t_38 %join;
    %jmp T_6;
    .thread T_6;
    .scope S_0x55eb8ed09e80;
T_7 ;
    %vpi_call 2 38 "$dumpfile", "thread_tb.vcd" {0 0 0};
    %vpi_call 2 39 "$dumpvars", 32'sb00000000000000000000000000000000, S_0x55eb8ed09e80 {0 0 0};
    %pushi/vec4 0, 0, 32;
    %store/vec4 v0x55eb8eda40f0_0, 0, 32;
T_7.0 ;
    %load/vec4 v0x55eb8eda40f0_0;
    %cmpi/s 15, 0, 32;
    %jmp/0xz T_7.1, 5;
    %vpi_call 2 41 "$dumpvars", 32'sb00000000000000000000000000000000, &A<v0x55eb8eda11c0, v0x55eb8eda40f0_0 > {0 0 0};
    %load/vec4 v0x55eb8eda40f0_0;
    %addi 1, 0, 32;
    %store/vec4 v0x55eb8eda40f0_0, 0, 32;
    %jmp T_7.0;
T_7.1 ;
    %pushi/vec4 0, 0, 1;
    %store/vec4 v0x55eb8eda3b50_0, 0, 1;
    %pushi/vec4 1, 0, 1;
    %store/vec4 v0x55eb8eda43f0_0, 0, 1;
    %pushi/vec4 0, 0, 18;
    %store/vec4 v0x55eb8eda41d0_0, 0, 18;
    %pushi/vec4 0, 0, 16;
    %store/vec4 v0x55eb8eda3bf0_0, 0, 16;
    %pushi/vec4 0, 0, 16;
    %store/vec4 v0x55eb8eda4520_0, 0, 16;
    %pushi/vec4 0, 0, 2;
    %store/vec4 v0x55eb8eda3a60_0, 0, 2;
    %vpi_func 2 52 "$fopen" 32, "asm_test/a.out", "rb" {0 0 0};
    %store/vec4 v0x55eb8eda3e70_0, 0, 32;
    %load/vec4 v0x55eb8eda3e70_0;
    %cmpi/e 0, 0, 32;
    %jmp/0xz  T_7.2, 4;
    %vpi_call 2 54 "$display", "Error: Could not open file" {0 0 0};
    %vpi_call 2 55 "$finish" {0 0 0};
T_7.2 ;
    %pushi/vec4 0, 0, 32;
    %store/vec4 v0x55eb8eda4010_0, 0, 32;
T_7.4 ;
    %vpi_func 2 60 "$feof" 32, v0x55eb8eda3e70_0 {0 0 0};
    %nor/r;
    %load/vec4 v0x55eb8eda4010_0;
    %cmpi/s 2048, 0, 32;
    %flag_get/vec4 5;
    %and;
    %flag_set/vec4 8;
    %jmp/0xz T_7.5, 8;
    %vpi_func 2 61 "$fread" 32, v0x55eb8eda3f30_0, v0x55eb8eda3e70_0 {0 0 0};
    %store/vec4 v0x55eb8eda45e0_0, 0, 32;
    %load/vec4 v0x55eb8eda3f30_0;
    %parti/s 18, 0, 2;
    %ix/getv/s 4, v0x55eb8eda4010_0;
    %store/vec4a v0x55eb8eda4290, 4, 0;
    %load/vec4 v0x55eb8eda4010_0;
    %addi 1, 0, 32;
    %store/vec4 v0x55eb8eda4010_0, 0, 32;
    %jmp T_7.4;
T_7.5 ;
    %vpi_call 2 65 "$fclose", v0x55eb8eda3e70_0 {0 0 0};
    %delay 10000, 0;
    %pushi/vec4 0, 0, 1;
    %store/vec4 v0x55eb8eda43f0_0, 0, 1;
    %delay 1000000, 0;
    %vpi_call 2 72 "$finish" {0 0 0};
    %end;
    .thread T_7;
    .scope S_0x55eb8ed09e80;
T_8 ;
    %delay 5000, 0;
    %load/vec4 v0x55eb8eda3b50_0;
    %inv;
    %store/vec4 v0x55eb8eda3b50_0, 0, 1;
    %jmp T_8;
    .thread T_8;
    .scope S_0x55eb8ed09e80;
T_9 ;
    %wait E_0x55eb8ed7d060;
    %load/vec4 v0x55eb8eda4330_0;
    %pad/u 13;
    %ix/vec4 4;
    %load/vec4a v0x55eb8eda4290, 4;
    %store/vec4 v0x55eb8eda41d0_0, 0, 18;
    %jmp T_9;
    .thread T_9;
# The file index is used to find the file name in the following table.
:file_names 11;
    "N/A";
    "<interactive>";
    "tb/thread_tb.v";
    "thread.v";
    "alu.v";
    "barrelShifter.v";
    "flags.v";
    "instructionDecode.v";
    "opSel.v";
    "pc.v";
    "registerFIle.v";
